The system is: Linux - 4.9.184-linuxkit - x86_64
Compiling the C compiler identification source file "CMakeCCompilerId.c" succeeded.
Compiler: /usr/bin/cc 
Build flags: 
Id flags:  

The output was:
0


Compilation of the C compiler identification source "CMakeCCompilerId.c" produced "a.out"

The C compiler identification is GNU, found in "/src/tools/idsk/CMakeFiles/3.14.5/CompilerIdC/a.out"

Compiling the CXX compiler identification source file "CMakeCXXCompilerId.cpp" succeeded.
Compiler: /usr/bin/c++ 
Build flags: 
Id flags:  

The output was:
0


Compilation of the CXX compiler identification source "CMakeCXXCompilerId.cpp" produced "a.out"

The CXX compiler identification is GNU, found in "/src/tools/idsk/CMakeFiles/3.14.5/CompilerIdCXX/a.out"

Determining if the C compiler works passed with the following output:
Change Dir: /src/tools/idsk/CMakeFiles/CMakeTmp

Run Build Command(s):/usr/bin/make cmTC_9e673/fast 
/usr/bin/make -f CMakeFiles/cmTC_9e673.dir/build.make CMakeFiles/cmTC_9e673.dir/build
make[1]: Entering directory '/src/tools/idsk/CMakeFiles/CMakeTmp'
Building C object CMakeFiles/cmTC_9e673.dir/testCCompiler.c.o
/usr/bin/cc    -o CMakeFiles/cmTC_9e673.dir/testCCompiler.c.o   -c /src/tools/idsk/CMakeFiles/CMakeTmp/testCCompiler.c
Linking C executable cmTC_9e673
/usr/bin/cmake -E cmake_link_script CMakeFiles/cmTC_9e673.dir/link.txt --verbose=1
/usr/bin/cc      -rdynamic CMakeFiles/cmTC_9e673.dir/testCCompiler.c.o  -o cmTC_9e673 
make[1]: Leaving directory '/src/tools/idsk/CMakeFiles/CMakeTmp'


Detecting C compiler ABI info compiled with the following output:
Change Dir: /src/tools/idsk/CMakeFiles/CMakeTmp

Run Build Command(s):/usr/bin/make cmTC_9e24c/fast 
/usr/bin/make -f CMakeFiles/cmTC_9e24c.dir/build.make CMakeFiles/cmTC_9e24c.dir/build
make[1]: Entering directory '/src/tools/idsk/CMakeFiles/CMakeTmp'
Building C object CMakeFiles/cmTC_9e24c.dir/CMakeCCompilerABI.c.o
/usr/bin/cc   -v -o CMakeFiles/cmTC_9e24c.dir/CMakeCCompilerABI.c.o   -c /usr/share/cmake/Modules/CMakeCCompilerABI.c
Using built-in specs.
COLLECT_GCC=/usr/bin/cc
Target: x86_64-alpine-linux-musl
Configured with: /home/buildozer/aports/main/gcc/src/gcc-8.3.0/configure --prefix=/usr --mandir=/usr/share/man --infodir=/usr/share/info --build=x86_64-alpine-linux-musl --host=x86_64-alpine-linux-musl --target=x86_64-alpine-linux-musl --with-pkgversion='Alpine 8.3.0' --enable-checking=release --disable-fixed-point --disable-libstdcxx-pch --disable-multilib --disable-nls --disable-werror --disable-symvers --enable-__cxa_atexit --enable-default-pie --enable-default-ssp --enable-cloog-backend --enable-languages=c,c++,objc,fortran,ada --disable-libssp --disable-libmpx --disable-libmudflap --disable-libsanitizer --enable-shared --enable-threads --enable-tls --with-system-zlib --with-linker-hash-style=gnu
Thread model: posix
gcc version 8.3.0 (Alpine 8.3.0) 
COLLECT_GCC_OPTIONS='-v' '-o' 'CMakeFiles/cmTC_9e24c.dir/CMakeCCompilerABI.c.o' '-c' '-mtune=generic' '-march=x86-64'
 /usr/libexec/gcc/x86_64-alpine-linux-musl/8.3.0/cc1 -quiet -v /usr/share/cmake/Modules/CMakeCCompilerABI.c -quiet -dumpbase CMakeCCompilerABI.c -mtune=generic -march=x86-64 -auxbase-strip CMakeFiles/cmTC_9e24c.dir/CMakeCCompilerABI.c.o -version -o /tmp/ccNnKbgI.s
GNU C17 (Alpine 8.3.0) version 8.3.0 (x86_64-alpine-linux-musl)
	compiled by GNU C version 8.3.0, GMP version 6.1.2, MPFR version 3.1.5, MPC version 1.0.3, isl version isl-0.18-GMP

warning: MPC header version 1.0.3 differs from library version 1.1.0.
GGC heuristics: --param ggc-min-expand=100 --param ggc-min-heapsize=131072
ignoring nonexistent directory "/usr/local/include"
ignoring nonexistent directory "/usr/lib/gcc/x86_64-alpine-linux-musl/8.3.0/../../../../x86_64-alpine-linux-musl/include"
#include "..." search starts here:
#include <...> search starts here:
 /usr/include/fortify
 /usr/include
 /usr/lib/gcc/x86_64-alpine-linux-musl/8.3.0/include
End of search list.
GNU C17 (Alpine 8.3.0) version 8.3.0 (x86_64-alpine-linux-musl)
	compiled by GNU C version 8.3.0, GMP version 6.1.2, MPFR version 3.1.5, MPC version 1.0.3, isl version isl-0.18-GMP

warning: MPC header version 1.0.3 differs from library version 1.1.0.
GGC heuristics: --param ggc-min-expand=100 --param ggc-min-heapsize=131072
Compiler executable checksum: 7a234b1a91f684a55f0f2cd4d2b55d96
COLLECT_GCC_OPTIONS='-v' '-o' 'CMakeFiles/cmTC_9e24c.dir/CMakeCCompilerABI.c.o' '-c' '-mtune=generic' '-march=x86-64'
 /usr/lib/gcc/x86_64-alpine-linux-musl/8.3.0/../../../../x86_64-alpine-linux-musl/bin/as -v --64 -o CMakeFiles/cmTC_9e24c.dir/CMakeCCompilerABI.c.o /tmp/ccNnKbgI.s
GNU assembler version 2.32 (x86_64-alpine-linux-musl) using BFD version (GNU Binutils) 2.32
COMPILER_PATH=/usr/libexec/gcc/x86_64-alpine-linux-musl/8.3.0/:/usr/libexec/gcc/x86_64-alpine-linux-musl/8.3.0/:/usr/libexec/gcc/x86_64-alpine-linux-musl/:/usr/lib/gcc/x86_64-alpine-linux-musl/8.3.0/:/usr/lib/gcc/x86_64-alpine-linux-musl/:/usr/lib/gcc/x86_64-alpine-linux-musl/8.3.0/../../../../x86_64-alpine-linux-musl/bin/
LIBRARY_PATH=/usr/lib/gcc/x86_64-alpine-linux-musl/8.3.0/:/usr/lib/gcc/x86_64-alpine-linux-musl/8.3.0/../../../../x86_64-alpine-linux-musl/lib/../lib/:/usr/lib/gcc/x86_64-alpine-linux-musl/8.3.0/../../../../lib/:/lib/../lib/:/usr/lib/../lib/:/usr/lib/gcc/x86_64-alpine-linux-musl/8.3.0/../../../../x86_64-alpine-linux-musl/lib/:/usr/lib/gcc/x86_64-alpine-linux-musl/8.3.0/../../../:/lib/:/usr/lib/
COLLECT_GCC_OPTIONS='-v' '-o' 'CMakeFiles/cmTC_9e24c.dir/CMakeCCompilerABI.c.o' '-c' '-mtune=generic' '-march=x86-64'
Linking C executable cmTC_9e24c
/usr/bin/cmake -E cmake_link_script CMakeFiles/cmTC_9e24c.dir/link.txt --verbose=1
/usr/bin/cc     -v -rdynamic CMakeFiles/cmTC_9e24c.dir/CMakeCCompilerABI.c.o  -o cmTC_9e24c 
Using built-in specs.
COLLECT_GCC=/usr/bin/cc
COLLECT_LTO_WRAPPER=/usr/libexec/gcc/x86_64-alpine-linux-musl/8.3.0/lto-wrapper
Target: x86_64-alpine-linux-musl
Configured with: /home/buildozer/aports/main/gcc/src/gcc-8.3.0/configure --prefix=/usr --mandir=/usr/share/man --infodir=/usr/share/info --build=x86_64-alpine-linux-musl --host=x86_64-alpine-linux-musl --target=x86_64-alpine-linux-musl --with-pkgversion='Alpine 8.3.0' --enable-checking=release --disable-fixed-point --disable-libstdcxx-pch --disable-multilib --disable-nls --disable-werror --disable-symvers --enable-__cxa_atexit --enable-default-pie --enable-default-ssp --enable-cloog-backend --enable-languages=c,c++,objc,fortran,ada --disable-libssp --disable-libmpx --disable-libmudflap --disable-libsanitizer --enable-shared --enable-threads --enable-tls --with-system-zlib --with-linker-hash-style=gnu
Thread model: posix
gcc version 8.3.0 (Alpine 8.3.0) 
COMPILER_PATH=/usr/libexec/gcc/x86_64-alpine-linux-musl/8.3.0/:/usr/libexec/gcc/x86_64-alpine-linux-musl/8.3.0/:/usr/libexec/gcc/x86_64-alpine-linux-musl/:/usr/lib/gcc/x86_64-alpine-linux-musl/8.3.0/:/usr/lib/gcc/x86_64-alpine-linux-musl/:/usr/lib/gcc/x86_64-alpine-linux-musl/8.3.0/../../../../x86_64-alpine-linux-musl/bin/
LIBRARY_PATH=/usr/lib/gcc/x86_64-alpine-linux-musl/8.3.0/:/usr/lib/gcc/x86_64-alpine-linux-musl/8.3.0/../../../../x86_64-alpine-linux-musl/lib/../lib/:/usr/lib/gcc/x86_64-alpine-linux-musl/8.3.0/../../../../lib/:/lib/../lib/:/usr/lib/../lib/:/usr/lib/gcc/x86_64-alpine-linux-musl/8.3.0/../../../../x86_64-alpine-linux-musl/lib/:/usr/lib/gcc/x86_64-alpine-linux-musl/8.3.0/../../../:/lib/:/usr/lib/
COLLECT_GCC_OPTIONS='-v' '-rdynamic' '-o' 'cmTC_9e24c' '-mtune=generic' '-march=x86-64'
 /usr/libexec/gcc/x86_64-alpine-linux-musl/8.3.0/collect2 -plugin /usr/libexec/gcc/x86_64-alpine-linux-musl/8.3.0/liblto_plugin.so -plugin-opt=/usr/libexec/gcc/x86_64-alpine-linux-musl/8.3.0/lto-wrapper -plugin-opt=-fresolution=/tmp/ccAjelGc.res -plugin-opt=-pass-through=-lgcc -plugin-opt=-pass-through=-lgcc_s -plugin-opt=-pass-through=-lc -plugin-opt=-pass-through=-lgcc -plugin-opt=-pass-through=-lgcc_s --eh-frame-hdr --hash-style=gnu -m elf_x86_64 --as-needed -export-dynamic -dynamic-linker /lib/ld-musl-x86_64.so.1 -pie -z relro -z now -o cmTC_9e24c /usr/lib/gcc/x86_64-alpine-linux-musl/8.3.0/../../../../lib/Scrt1.o /usr/lib/gcc/x86_64-alpine-linux-musl/8.3.0/../../../../lib/crti.o /usr/lib/gcc/x86_64-alpine-linux-musl/8.3.0/crtbeginS.o -L/usr/lib/gcc/x86_64-alpine-linux-musl/8.3.0 -L/usr/lib/gcc/x86_64-alpine-linux-musl/8.3.0/../../../../x86_64-alpine-linux-musl/lib/../lib -L/usr/lib/gcc/x86_64-alpine-linux-musl/8.3.0/../../../../lib -L/lib/../lib -L/usr/lib/../lib -L/usr/lib/gcc/x86_64-alpine-linux-musl/8.3.0/../../../../x86_64-alpine-linux-musl/lib -L/usr/lib/gcc/x86_64-alpine-linux-musl/8.3.0/../../.. CMakeFiles/cmTC_9e24c.dir/CMakeCCompilerABI.c.o -lssp_nonshared -lgcc --as-needed -lgcc_s --no-as-needed -lc -lgcc --as-needed -lgcc_s --no-as-needed /usr/lib/gcc/x86_64-alpine-linux-musl/8.3.0/crtendS.o /usr/lib/gcc/x86_64-alpine-linux-musl/8.3.0/../../../../lib/crtn.o
COLLECT_GCC_OPTIONS='-v' '-rdynamic' '-o' 'cmTC_9e24c' '-mtune=generic' '-march=x86-64'
make[1]: Leaving directory '/src/tools/idsk/CMakeFiles/CMakeTmp'


Parsed C implicit include dir info from above output: rv=done
  found start of include info
  found start of implicit include info
    add: [/usr/include/fortify]
    add: [/usr/include]
    add: [/usr/lib/gcc/x86_64-alpine-linux-musl/8.3.0/include]
  end of search list found
  collapse include dir [/usr/include/fortify] ==> [/usr/include/fortify]
  collapse include dir [/usr/include] ==> [/usr/include]
  collapse include dir [/usr/lib/gcc/x86_64-alpine-linux-musl/8.3.0/include] ==> [/usr/lib/gcc/x86_64-alpine-linux-musl/8.3.0/include]
  implicit include dirs: [/usr/include/fortify;/usr/include;/usr/lib/gcc/x86_64-alpine-linux-musl/8.3.0/include]


Parsed C implicit link information from above output:
  link line regex: [^( *|.*[/\])(ld|CMAKE_LINK_STARTFILE-NOTFOUND|([^/\]+-)?ld|collect2)[^/\]*( |$)]
  ignore line: [Change Dir: /src/tools/idsk/CMakeFiles/CMakeTmp]
  ignore line: []
  ignore line: [Run Build Command(s):/usr/bin/make cmTC_9e24c/fast ]
  ignore line: [/usr/bin/make -f CMakeFiles/cmTC_9e24c.dir/build.make CMakeFiles/cmTC_9e24c.dir/build]
  ignore line: [make[1]: Entering directory '/src/tools/idsk/CMakeFiles/CMakeTmp']
  ignore line: [Building C object CMakeFiles/cmTC_9e24c.dir/CMakeCCompilerABI.c.o]
  ignore line: [/usr/bin/cc   -v -o CMakeFiles/cmTC_9e24c.dir/CMakeCCompilerABI.c.o   -c /usr/share/cmake/Modules/CMakeCCompilerABI.c]
  ignore line: [Using built-in specs.]
  ignore line: [COLLECT_GCC=/usr/bin/cc]
  ignore line: [Target: x86_64-alpine-linux-musl]
  ignore line: [Configured with: /home/buildozer/aports/main/gcc/src/gcc-8.3.0/configure --prefix=/usr --mandir=/usr/share/man --infodir=/usr/share/info --build=x86_64-alpine-linux-musl --host=x86_64-alpine-linux-musl --target=x86_64-alpine-linux-musl --with-pkgversion='Alpine 8.3.0' --enable-checking=release --disable-fixed-point --disable-libstdcxx-pch --disable-multilib --disable-nls --disable-werror --disable-symvers --enable-__cxa_atexit --enable-default-pie --enable-default-ssp --enable-cloog-backend --enable-languages=c,c++,objc,fortran,ada --disable-libssp --disable-libmpx --disable-libmudflap --disable-libsanitizer --enable-shared --enable-threads --enable-tls --with-system-zlib --with-linker-hash-style=gnu]
  ignore line: [Thread model: posix]
  ignore line: [gcc version 8.3.0 (Alpine 8.3.0) ]
  ignore line: [COLLECT_GCC_OPTIONS='-v' '-o' 'CMakeFiles/cmTC_9e24c.dir/CMakeCCompilerABI.c.o' '-c' '-mtune=generic' '-march=x86-64']
  ignore line: [ /usr/libexec/gcc/x86_64-alpine-linux-musl/8.3.0/cc1 -quiet -v /usr/share/cmake/Modules/CMakeCCompilerABI.c -quiet -dumpbase CMakeCCompilerABI.c -mtune=generic -march=x86-64 -auxbase-strip CMakeFiles/cmTC_9e24c.dir/CMakeCCompilerABI.c.o -version -o /tmp/ccNnKbgI.s]
  ignore line: [GNU C17 (Alpine 8.3.0) version 8.3.0 (x86_64-alpine-linux-musl)]
  ignore line: [	compiled by GNU C version 8.3.0, GMP version 6.1.2, MPFR version 3.1.5, MPC version 1.0.3, isl version isl-0.18-GMP]
  ignore line: []
  ignore line: [warning: MPC header version 1.0.3 differs from library version 1.1.0.]
  ignore line: [GGC heuristics: --param ggc-min-expand=100 --param ggc-min-heapsize=131072]
  ignore line: [ignoring nonexistent directory "/usr/local/include"]
  ignore line: [ignoring nonexistent directory "/usr/lib/gcc/x86_64-alpine-linux-musl/8.3.0/../../../../x86_64-alpine-linux-musl/include"]
  ignore line: [#include "..." search starts here:]
  ignore line: [#include <...> search starts here:]
  ignore line: [ /usr/include/fortify]
  ignore line: [ /usr/include]
  ignore line: [ /usr/lib/gcc/x86_64-alpine-linux-musl/8.3.0/include]
  ignore line: [End of search list.]
  ignore line: [GNU C17 (Alpine 8.3.0) version 8.3.0 (x86_64-alpine-linux-musl)]
  ignore line: [	compiled by GNU C version 8.3.0, GMP version 6.1.2, MPFR version 3.1.5, MPC version 1.0.3, isl version isl-0.18-GMP]
  ignore line: []
  ignore line: [warning: MPC header version 1.0.3 differs from library version 1.1.0.]
  ignore line: [GGC heuristics: --param ggc-min-expand=100 --param ggc-min-heapsize=131072]
  ignore line: [Compiler executable checksum: 7a234b1a91f684a55f0f2cd4d2b55d96]
  ignore line: [COLLECT_GCC_OPTIONS='-v' '-o' 'CMakeFiles/cmTC_9e24c.dir/CMakeCCompilerABI.c.o' '-c' '-mtune=generic' '-march=x86-64']
  ignore line: [ /usr/lib/gcc/x86_64-alpine-linux-musl/8.3.0/../../../../x86_64-alpine-linux-musl/bin/as -v --64 -o CMakeFiles/cmTC_9e24c.dir/CMakeCCompilerABI.c.o /tmp/ccNnKbgI.s]
  ignore line: [GNU assembler version 2.32 (x86_64-alpine-linux-musl) using BFD version (GNU Binutils) 2.32]
  ignore line: [COMPILER_PATH=/usr/libexec/gcc/x86_64-alpine-linux-musl/8.3.0/:/usr/libexec/gcc/x86_64-alpine-linux-musl/8.3.0/:/usr/libexec/gcc/x86_64-alpine-linux-musl/:/usr/lib/gcc/x86_64-alpine-linux-musl/8.3.0/:/usr/lib/gcc/x86_64-alpine-linux-musl/:/usr/lib/gcc/x86_64-alpine-linux-musl/8.3.0/../../../../x86_64-alpine-linux-musl/bin/]
  ignore line: [LIBRARY_PATH=/usr/lib/gcc/x86_64-alpine-linux-musl/8.3.0/:/usr/lib/gcc/x86_64-alpine-linux-musl/8.3.0/../../../../x86_64-alpine-linux-musl/lib/../lib/:/usr/lib/gcc/x86_64-alpine-linux-musl/8.3.0/../../../../lib/:/lib/../lib/:/usr/lib/../lib/:/usr/lib/gcc/x86_64-alpine-linux-musl/8.3.0/../../../../x86_64-alpine-linux-musl/lib/:/usr/lib/gcc/x86_64-alpine-linux-musl/8.3.0/../../../:/lib/:/usr/lib/]
  ignore line: [COLLECT_GCC_OPTIONS='-v' '-o' 'CMakeFiles/cmTC_9e24c.dir/CMakeCCompilerABI.c.o' '-c' '-mtune=generic' '-march=x86-64']
  ignore line: [Linking C executable cmTC_9e24c]
  ignore line: [/usr/bin/cmake -E cmake_link_script CMakeFiles/cmTC_9e24c.dir/link.txt --verbose=1]
  ignore line: [/usr/bin/cc     -v -rdynamic CMakeFiles/cmTC_9e24c.dir/CMakeCCompilerABI.c.o  -o cmTC_9e24c ]
  ignore line: [Using built-in specs.]
  ignore line: [COLLECT_GCC=/usr/bin/cc]
  ignore line: [COLLECT_LTO_WRAPPER=/usr/libexec/gcc/x86_64-alpine-linux-musl/8.3.0/lto-wrapper]
  ignore line: [Target: x86_64-alpine-linux-musl]
  ignore line: [Configured with: /home/buildozer/aports/main/gcc/src/gcc-8.3.0/configure --prefix=/usr --mandir=/usr/share/man --infodir=/usr/share/info --build=x86_64-alpine-linux-musl --host=x86_64-alpine-linux-musl --target=x86_64-alpine-linux-musl --with-pkgversion='Alpine 8.3.0' --enable-checking=release --disable-fixed-point --disable-libstdcxx-pch --disable-multilib --disable-nls --disable-werror --disable-symvers --enable-__cxa_atexit --enable-default-pie --enable-default-ssp --enable-cloog-backend --enable-languages=c,c++,objc,fortran,ada --disable-libssp --disable-libmpx --disable-libmudflap --disable-libsanitizer --enable-shared --enable-threads --enable-tls --with-system-zlib --with-linker-hash-style=gnu]
  ignore line: [Thread model: posix]
  ignore line: [gcc version 8.3.0 (Alpine 8.3.0) ]
  ignore line: [COMPILER_PATH=/usr/libexec/gcc/x86_64-alpine-linux-musl/8.3.0/:/usr/libexec/gcc/x86_64-alpine-linux-musl/8.3.0/:/usr/libexec/gcc/x86_64-alpine-linux-musl/:/usr/lib/gcc/x86_64-alpine-linux-musl/8.3.0/:/usr/lib/gcc/x86_64-alpine-linux-musl/:/usr/lib/gcc/x86_64-alpine-linux-musl/8.3.0/../../../../x86_64-alpine-linux-musl/bin/]
  ignore line: [LIBRARY_PATH=/usr/lib/gcc/x86_64-alpine-linux-musl/8.3.0/:/usr/lib/gcc/x86_64-alpine-linux-musl/8.3.0/../../../../x86_64-alpine-linux-musl/lib/../lib/:/usr/lib/gcc/x86_64-alpine-linux-musl/8.3.0/../../../../lib/:/lib/../lib/:/usr/lib/../lib/:/usr/lib/gcc/x86_64-alpine-linux-musl/8.3.0/../../../../x86_64-alpine-linux-musl/lib/:/usr/lib/gcc/x86_64-alpine-linux-musl/8.3.0/../../../:/lib/:/usr/lib/]
  ignore line: [COLLECT_GCC_OPTIONS='-v' '-rdynamic' '-o' 'cmTC_9e24c' '-mtune=generic' '-march=x86-64']
  link line: [ /usr/libexec/gcc/x86_64-alpine-linux-musl/8.3.0/collect2 -plugin /usr/libexec/gcc/x86_64-alpine-linux-musl/8.3.0/liblto_plugin.so -plugin-opt=/usr/libexec/gcc/x86_64-alpine-linux-musl/8.3.0/lto-wrapper -plugin-opt=-fresolution=/tmp/ccAjelGc.res -plugin-opt=-pass-through=-lgcc -plugin-opt=-pass-through=-lgcc_s -plugin-opt=-pass-through=-lc -plugin-opt=-pass-through=-lgcc -plugin-opt=-pass-through=-lgcc_s --eh-frame-hdr --hash-style=gnu -m elf_x86_64 --as-needed -export-dynamic -dynamic-linker /lib/ld-musl-x86_64.so.1 -pie -z relro -z now -o cmTC_9e24c /usr/lib/gcc/x86_64-alpine-linux-musl/8.3.0/../../../../lib/Scrt1.o /usr/lib/gcc/x86_64-alpine-linux-musl/8.3.0/../../../../lib/crti.o /usr/lib/gcc/x86_64-alpine-linux-musl/8.3.0/crtbeginS.o -L/usr/lib/gcc/x86_64-alpine-linux-musl/8.3.0 -L/usr/lib/gcc/x86_64-alpine-linux-musl/8.3.0/../../../../x86_64-alpine-linux-musl/lib/../lib -L/usr/lib/gcc/x86_64-alpine-linux-musl/8.3.0/../../../../lib -L/lib/../lib -L/usr/lib/../lib -L/usr/lib/gcc/x86_64-alpine-linux-musl/8.3.0/../../../../x86_64-alpine-linux-musl/lib -L/usr/lib/gcc/x86_64-alpine-linux-musl/8.3.0/../../.. CMakeFiles/cmTC_9e24c.dir/CMakeCCompilerABI.c.o -lssp_nonshared -lgcc --as-needed -lgcc_s --no-as-needed -lc -lgcc --as-needed -lgcc_s --no-as-needed /usr/lib/gcc/x86_64-alpine-linux-musl/8.3.0/crtendS.o /usr/lib/gcc/x86_64-alpine-linux-musl/8.3.0/../../../../lib/crtn.o]
    arg [/usr/libexec/gcc/x86_64-alpine-linux-musl/8.3.0/collect2] ==> ignore
    arg [-plugin] ==> ignore
    arg [/usr/libexec/gcc/x86_64-alpine-linux-musl/8.3.0/liblto_plugin.so] ==> ignore
    arg [-plugin-opt=/usr/libexec/gcc/x86_64-alpine-linux-musl/8.3.0/lto-wrapper] ==> ignore
    arg [-plugin-opt=-fresolution=/tmp/ccAjelGc.res] ==> ignore
    arg [-plugin-opt=-pass-through=-lgcc] ==> ignore
    arg [-plugin-opt=-pass-through=-lgcc_s] ==> ignore
    arg [-plugin-opt=-pass-through=-lc] ==> ignore
    arg [-plugin-opt=-pass-through=-lgcc] ==> ignore
    arg [-plugin-opt=-pass-through=-lgcc_s] ==> ignore
    arg [--eh-frame-hdr] ==> ignore
    arg [--hash-style=gnu] ==> ignore
    arg [-m] ==> ignore
    arg [elf_x86_64] ==> ignore
    arg [--as-needed] ==> ignore
    arg [-export-dynamic] ==> ignore
    arg [-dynamic-linker] ==> ignore
    arg [/lib/ld-musl-x86_64.so.1] ==> ignore
    arg [-pie] ==> ignore
    arg [-zrelro] ==> ignore
    arg [-znow] ==> ignore
    arg [-o] ==> ignore
    arg [cmTC_9e24c] ==> ignore
    arg [/usr/lib/gcc/x86_64-alpine-linux-musl/8.3.0/../../../../lib/Scrt1.o] ==> ignore
    arg [/usr/lib/gcc/x86_64-alpine-linux-musl/8.3.0/../../../../lib/crti.o] ==> ignore
    arg [/usr/lib/gcc/x86_64-alpine-linux-musl/8.3.0/crtbeginS.o] ==> ignore
    arg [-L/usr/lib/gcc/x86_64-alpine-linux-musl/8.3.0] ==> dir [/usr/lib/gcc/x86_64-alpine-linux-musl/8.3.0]
    arg [-L/usr/lib/gcc/x86_64-alpine-linux-musl/8.3.0/../../../../x86_64-alpine-linux-musl/lib/../lib] ==> dir [/usr/lib/gcc/x86_64-alpine-linux-musl/8.3.0/../../../../x86_64-alpine-linux-musl/lib/../lib]
    arg [-L/usr/lib/gcc/x86_64-alpine-linux-musl/8.3.0/../../../../lib] ==> dir [/usr/lib/gcc/x86_64-alpine-linux-musl/8.3.0/../../../../lib]
    arg [-L/lib/../lib] ==> dir [/lib/../lib]
    arg [-L/usr/lib/../lib] ==> dir [/usr/lib/../lib]
    arg [-L/usr/lib/gcc/x86_64-alpine-linux-musl/8.3.0/../../../../x86_64-alpine-linux-musl/lib] ==> dir [/usr/lib/gcc/x86_64-alpine-linux-musl/8.3.0/../../../../x86_64-alpine-linux-musl/lib]
    arg [-L/usr/lib/gcc/x86_64-alpine-linux-musl/8.3.0/../../..] ==> dir [/usr/lib/gcc/x86_64-alpine-linux-musl/8.3.0/../../..]
    arg [CMakeFiles/cmTC_9e24c.dir/CMakeCCompilerABI.c.o] ==> ignore
    arg [-lssp_nonshared] ==> lib [ssp_nonshared]
    arg [-lgcc] ==> lib [gcc]
    arg [--as-needed] ==> ignore
    arg [-lgcc_s] ==> lib [gcc_s]
    arg [--no-as-needed] ==> ignore
    arg [-lc] ==> lib [c]
    arg [-lgcc] ==> lib [gcc]
    arg [--as-needed] ==> ignore
    arg [-lgcc_s] ==> lib [gcc_s]
    arg [--no-as-needed] ==> ignore
    arg [/usr/lib/gcc/x86_64-alpine-linux-musl/8.3.0/crtendS.o] ==> ignore
    arg [/usr/lib/gcc/x86_64-alpine-linux-musl/8.3.0/../../../../lib/crtn.o] ==> ignore
  collapse library dir [/usr/lib/gcc/x86_64-alpine-linux-musl/8.3.0] ==> [/usr/lib/gcc/x86_64-alpine-linux-musl/8.3.0]
  collapse library dir [/usr/lib/gcc/x86_64-alpine-linux-musl/8.3.0/../../../../x86_64-alpine-linux-musl/lib/../lib] ==> [/usr/x86_64-alpine-linux-musl/lib]
  collapse library dir [/usr/lib/gcc/x86_64-alpine-linux-musl/8.3.0/../../../../lib] ==> [/usr/lib]
  collapse library dir [/lib/../lib] ==> [/lib]
  collapse library dir [/usr/lib/../lib] ==> [/usr/lib]
  collapse library dir [/usr/lib/gcc/x86_64-alpine-linux-musl/8.3.0/../../../../x86_64-alpine-linux-musl/lib] ==> [/usr/x86_64-alpine-linux-musl/lib]
  collapse library dir [/usr/lib/gcc/x86_64-alpine-linux-musl/8.3.0/../../..] ==> [/usr/lib]
  implicit libs: [ssp_nonshared;gcc;gcc_s;c;gcc;gcc_s]
  implicit dirs: [/usr/lib/gcc/x86_64-alpine-linux-musl/8.3.0;/usr/x86_64-alpine-linux-musl/lib;/usr/lib;/lib]
  implicit fwks: []




Detecting C [-std=c11] compiler features compiled with the following output:
Change Dir: /src/tools/idsk/CMakeFiles/CMakeTmp

Run Build Command(s):/usr/bin/make cmTC_70002/fast 
/usr/bin/make -f CMakeFiles/cmTC_70002.dir/build.make CMakeFiles/cmTC_70002.dir/build
make[1]: Entering directory '/src/tools/idsk/CMakeFiles/CMakeTmp'
Building C object CMakeFiles/cmTC_70002.dir/feature_tests.c.o
/usr/bin/cc   -std=c11 -o CMakeFiles/cmTC_70002.dir/feature_tests.c.o   -c /src/tools/idsk/CMakeFiles/feature_tests.c
Linking C executable cmTC_70002
/usr/bin/cmake -E cmake_link_script CMakeFiles/cmTC_70002.dir/link.txt --verbose=1
/usr/bin/cc      -rdynamic CMakeFiles/cmTC_70002.dir/feature_tests.c.o  -o cmTC_70002 
make[1]: Leaving directory '/src/tools/idsk/CMakeFiles/CMakeTmp'


    Feature record: C_FEATURE:1c_function_prototypes
    Feature record: C_FEATURE:1c_restrict
    Feature record: C_FEATURE:1c_static_assert
    Feature record: C_FEATURE:1c_variadic_macros


Detecting C [-std=c99] compiler features compiled with the following output:
Change Dir: /src/tools/idsk/CMakeFiles/CMakeTmp

Run Build Command(s):/usr/bin/make cmTC_9800e/fast 
/usr/bin/make -f CMakeFiles/cmTC_9800e.dir/build.make CMakeFiles/cmTC_9800e.dir/build
make[1]: Entering directory '/src/tools/idsk/CMakeFiles/CMakeTmp'
Building C object CMakeFiles/cmTC_9800e.dir/feature_tests.c.o
/usr/bin/cc   -std=c99 -o CMakeFiles/cmTC_9800e.dir/feature_tests.c.o   -c /src/tools/idsk/CMakeFiles/feature_tests.c
Linking C executable cmTC_9800e
/usr/bin/cmake -E cmake_link_script CMakeFiles/cmTC_9800e.dir/link.txt --verbose=1
/usr/bin/cc      -rdynamic CMakeFiles/cmTC_9800e.dir/feature_tests.c.o  -o cmTC_9800e 
make[1]: Leaving directory '/src/tools/idsk/CMakeFiles/CMakeTmp'


    Feature record: C_FEATURE:1c_function_prototypes
    Feature record: C_FEATURE:1c_restrict
    Feature record: C_FEATURE:0c_static_assert
    Feature record: C_FEATURE:1c_variadic_macros


Detecting C [-std=c90] compiler features compiled with the following output:
Change Dir: /src/tools/idsk/CMakeFiles/CMakeTmp

Run Build Command(s):/usr/bin/make cmTC_5acb8/fast 
/usr/bin/make -f CMakeFiles/cmTC_5acb8.dir/build.make CMakeFiles/cmTC_5acb8.dir/build
make[1]: Entering directory '/src/tools/idsk/CMakeFiles/CMakeTmp'
Building C object CMakeFiles/cmTC_5acb8.dir/feature_tests.c.o
/usr/bin/cc   -std=c90 -o CMakeFiles/cmTC_5acb8.dir/feature_tests.c.o   -c /src/tools/idsk/CMakeFiles/feature_tests.c
Linking C executable cmTC_5acb8
/usr/bin/cmake -E cmake_link_script CMakeFiles/cmTC_5acb8.dir/link.txt --verbose=1
/usr/bin/cc      -rdynamic CMakeFiles/cmTC_5acb8.dir/feature_tests.c.o  -o cmTC_5acb8 
make[1]: Leaving directory '/src/tools/idsk/CMakeFiles/CMakeTmp'


    Feature record: C_FEATURE:1c_function_prototypes
    Feature record: C_FEATURE:0c_restrict
    Feature record: C_FEATURE:0c_static_assert
    Feature record: C_FEATURE:0c_variadic_macros
Determining if the CXX compiler works passed with the following output:
Change Dir: /src/tools/idsk/CMakeFiles/CMakeTmp

Run Build Command(s):/usr/bin/make cmTC_0ca5f/fast 
/usr/bin/make -f CMakeFiles/cmTC_0ca5f.dir/build.make CMakeFiles/cmTC_0ca5f.dir/build
make[1]: Entering directory '/src/tools/idsk/CMakeFiles/CMakeTmp'
Building CXX object CMakeFiles/cmTC_0ca5f.dir/testCXXCompiler.cxx.o
/usr/bin/c++     -o CMakeFiles/cmTC_0ca5f.dir/testCXXCompiler.cxx.o -c /src/tools/idsk/CMakeFiles/CMakeTmp/testCXXCompiler.cxx
Linking CXX executable cmTC_0ca5f
/usr/bin/cmake -E cmake_link_script CMakeFiles/cmTC_0ca5f.dir/link.txt --verbose=1
/usr/bin/c++       -rdynamic CMakeFiles/cmTC_0ca5f.dir/testCXXCompiler.cxx.o  -o cmTC_0ca5f 
make[1]: Leaving directory '/src/tools/idsk/CMakeFiles/CMakeTmp'


Detecting CXX compiler ABI info compiled with the following output:
Change Dir: /src/tools/idsk/CMakeFiles/CMakeTmp

Run Build Command(s):/usr/bin/make cmTC_39aad/fast 
/usr/bin/make -f CMakeFiles/cmTC_39aad.dir/build.make CMakeFiles/cmTC_39aad.dir/build
make[1]: Entering directory '/src/tools/idsk/CMakeFiles/CMakeTmp'
Building CXX object CMakeFiles/cmTC_39aad.dir/CMakeCXXCompilerABI.cpp.o
/usr/bin/c++    -v -o CMakeFiles/cmTC_39aad.dir/CMakeCXXCompilerABI.cpp.o -c /usr/share/cmake/Modules/CMakeCXXCompilerABI.cpp
Using built-in specs.
COLLECT_GCC=/usr/bin/c++
Target: x86_64-alpine-linux-musl
Configured with: /home/buildozer/aports/main/gcc/src/gcc-8.3.0/configure --prefix=/usr --mandir=/usr/share/man --infodir=/usr/share/info --build=x86_64-alpine-linux-musl --host=x86_64-alpine-linux-musl --target=x86_64-alpine-linux-musl --with-pkgversion='Alpine 8.3.0' --enable-checking=release --disable-fixed-point --disable-libstdcxx-pch --disable-multilib --disable-nls --disable-werror --disable-symvers --enable-__cxa_atexit --enable-default-pie --enable-default-ssp --enable-cloog-backend --enable-languages=c,c++,objc,fortran,ada --disable-libssp --disable-libmpx --disable-libmudflap --disable-libsanitizer --enable-shared --enable-threads --enable-tls --with-system-zlib --with-linker-hash-style=gnu
Thread model: posix
gcc version 8.3.0 (Alpine 8.3.0) 
COLLECT_GCC_OPTIONS='-v' '-o' 'CMakeFiles/cmTC_39aad.dir/CMakeCXXCompilerABI.cpp.o' '-c' '-shared-libgcc' '-mtune=generic' '-march=x86-64'
 /usr/libexec/gcc/x86_64-alpine-linux-musl/8.3.0/cc1plus -quiet -v -D_GNU_SOURCE /usr/share/cmake/Modules/CMakeCXXCompilerABI.cpp -quiet -dumpbase CMakeCXXCompilerABI.cpp -mtune=generic -march=x86-64 -auxbase-strip CMakeFiles/cmTC_39aad.dir/CMakeCXXCompilerABI.cpp.o -version -o /tmp/ccjAHdjE.s
GNU C++14 (Alpine 8.3.0) version 8.3.0 (x86_64-alpine-linux-musl)
	compiled by GNU C version 8.3.0, GMP version 6.1.2, MPFR version 3.1.5, MPC version 1.0.3, isl version isl-0.18-GMP

warning: MPC header version 1.0.3 differs from library version 1.1.0.
GGC heuristics: --param ggc-min-expand=100 --param ggc-min-heapsize=131072
ignoring nonexistent directory "/usr/local/include"
ignoring nonexistent directory "/usr/lib/gcc/x86_64-alpine-linux-musl/8.3.0/../../../../x86_64-alpine-linux-musl/include"
#include "..." search starts here:
#include <...> search starts here:
 /usr/lib/gcc/x86_64-alpine-linux-musl/8.3.0/../../../../include/c++/8.3.0
 /usr/lib/gcc/x86_64-alpine-linux-musl/8.3.0/../../../../include/c++/8.3.0/x86_64-alpine-linux-musl
 /usr/lib/gcc/x86_64-alpine-linux-musl/8.3.0/../../../../include/c++/8.3.0/backward
 /usr/include/fortify
 /usr/include
 /usr/lib/gcc/x86_64-alpine-linux-musl/8.3.0/include
End of search list.
GNU C++14 (Alpine 8.3.0) version 8.3.0 (x86_64-alpine-linux-musl)
	compiled by GNU C version 8.3.0, GMP version 6.1.2, MPFR version 3.1.5, MPC version 1.0.3, isl version isl-0.18-GMP

warning: MPC header version 1.0.3 differs from library version 1.1.0.
GGC heuristics: --param ggc-min-expand=100 --param ggc-min-heapsize=131072
Compiler executable checksum: 38ca3bdf3ce34d29be8bf4097d1a42e5
COLLECT_GCC_OPTIONS='-v' '-o' 'CMakeFiles/cmTC_39aad.dir/CMakeCXXCompilerABI.cpp.o' '-c' '-shared-libgcc' '-mtune=generic' '-march=x86-64'
 /usr/lib/gcc/x86_64-alpine-linux-musl/8.3.0/../../../../x86_64-alpine-linux-musl/bin/as -v --64 -o CMakeFiles/cmTC_39aad.dir/CMakeCXXCompilerABI.cpp.o /tmp/ccjAHdjE.s
GNU assembler version 2.32 (x86_64-alpine-linux-musl) using BFD version (GNU Binutils) 2.32
COMPILER_PATH=/usr/libexec/gcc/x86_64-alpine-linux-musl/8.3.0/:/usr/libexec/gcc/x86_64-alpine-linux-musl/8.3.0/:/usr/libexec/gcc/x86_64-alpine-linux-musl/:/usr/lib/gcc/x86_64-alpine-linux-musl/8.3.0/:/usr/lib/gcc/x86_64-alpine-linux-musl/:/usr/lib/gcc/x86_64-alpine-linux-musl/8.3.0/../../../../x86_64-alpine-linux-musl/bin/
LIBRARY_PATH=/usr/lib/gcc/x86_64-alpine-linux-musl/8.3.0/:/usr/lib/gcc/x86_64-alpine-linux-musl/8.3.0/../../../../x86_64-alpine-linux-musl/lib/../lib/:/usr/lib/gcc/x86_64-alpine-linux-musl/8.3.0/../../../../lib/:/lib/../lib/:/usr/lib/../lib/:/usr/lib/gcc/x86_64-alpine-linux-musl/8.3.0/../../../../x86_64-alpine-linux-musl/lib/:/usr/lib/gcc/x86_64-alpine-linux-musl/8.3.0/../../../:/lib/:/usr/lib/
COLLECT_GCC_OPTIONS='-v' '-o' 'CMakeFiles/cmTC_39aad.dir/CMakeCXXCompilerABI.cpp.o' '-c' '-shared-libgcc' '-mtune=generic' '-march=x86-64'
Linking CXX executable cmTC_39aad
/usr/bin/cmake -E cmake_link_script CMakeFiles/cmTC_39aad.dir/link.txt --verbose=1
/usr/bin/c++      -v -rdynamic CMakeFiles/cmTC_39aad.dir/CMakeCXXCompilerABI.cpp.o  -o cmTC_39aad 
Using built-in specs.
COLLECT_GCC=/usr/bin/c++
COLLECT_LTO_WRAPPER=/usr/libexec/gcc/x86_64-alpine-linux-musl/8.3.0/lto-wrapper
Target: x86_64-alpine-linux-musl
Configured with: /home/buildozer/aports/main/gcc/src/gcc-8.3.0/configure --prefix=/usr --mandir=/usr/share/man --infodir=/usr/share/info --build=x86_64-alpine-linux-musl --host=x86_64-alpine-linux-musl --target=x86_64-alpine-linux-musl --with-pkgversion='Alpine 8.3.0' --enable-checking=release --disable-fixed-point --disable-libstdcxx-pch --disable-multilib --disable-nls --disable-werror --disable-symvers --enable-__cxa_atexit --enable-default-pie --enable-default-ssp --enable-cloog-backend --enable-languages=c,c++,objc,fortran,ada --disable-libssp --disable-libmpx --disable-libmudflap --disable-libsanitizer --enable-shared --enable-threads --enable-tls --with-system-zlib --with-linker-hash-style=gnu
Thread model: posix
gcc version 8.3.0 (Alpine 8.3.0) 
COMPILER_PATH=/usr/libexec/gcc/x86_64-alpine-linux-musl/8.3.0/:/usr/libexec/gcc/x86_64-alpine-linux-musl/8.3.0/:/usr/libexec/gcc/x86_64-alpine-linux-musl/:/usr/lib/gcc/x86_64-alpine-linux-musl/8.3.0/:/usr/lib/gcc/x86_64-alpine-linux-musl/:/usr/lib/gcc/x86_64-alpine-linux-musl/8.3.0/../../../../x86_64-alpine-linux-musl/bin/
LIBRARY_PATH=/usr/lib/gcc/x86_64-alpine-linux-musl/8.3.0/:/usr/lib/gcc/x86_64-alpine-linux-musl/8.3.0/../../../../x86_64-alpine-linux-musl/lib/../lib/:/usr/lib/gcc/x86_64-alpine-linux-musl/8.3.0/../../../../lib/:/lib/../lib/:/usr/lib/../lib/:/usr/lib/gcc/x86_64-alpine-linux-musl/8.3.0/../../../../x86_64-alpine-linux-musl/lib/:/usr/lib/gcc/x86_64-alpine-linux-musl/8.3.0/../../../:/lib/:/usr/lib/
COLLECT_GCC_OPTIONS='-v' '-rdynamic' '-o' 'cmTC_39aad' '-shared-libgcc' '-mtune=generic' '-march=x86-64'
 /usr/libexec/gcc/x86_64-alpine-linux-musl/8.3.0/collect2 -plugin /usr/libexec/gcc/x86_64-alpine-linux-musl/8.3.0/liblto_plugin.so -plugin-opt=/usr/libexec/gcc/x86_64-alpine-linux-musl/8.3.0/lto-wrapper -plugin-opt=-fresolution=/tmp/ccMnLkJO.res -plugin-opt=-pass-through=-lgcc_s -plugin-opt=-pass-through=-lgcc -plugin-opt=-pass-through=-lc -plugin-opt=-pass-through=-lgcc_s -plugin-opt=-pass-through=-lgcc --eh-frame-hdr --hash-style=gnu -m elf_x86_64 --as-needed -export-dynamic -dynamic-linker /lib/ld-musl-x86_64.so.1 -pie -z relro -z now -o cmTC_39aad /usr/lib/gcc/x86_64-alpine-linux-musl/8.3.0/../../../../lib/Scrt1.o /usr/lib/gcc/x86_64-alpine-linux-musl/8.3.0/../../../../lib/crti.o /usr/lib/gcc/x86_64-alpine-linux-musl/8.3.0/crtbeginS.o -L/usr/lib/gcc/x86_64-alpine-linux-musl/8.3.0 -L/usr/lib/gcc/x86_64-alpine-linux-musl/8.3.0/../../../../x86_64-alpine-linux-musl/lib/../lib -L/usr/lib/gcc/x86_64-alpine-linux-musl/8.3.0/../../../../lib -L/lib/../lib -L/usr/lib/../lib -L/usr/lib/gcc/x86_64-alpine-linux-musl/8.3.0/../../../../x86_64-alpine-linux-musl/lib -L/usr/lib/gcc/x86_64-alpine-linux-musl/8.3.0/../../.. CMakeFiles/cmTC_39aad.dir/CMakeCXXCompilerABI.cpp.o -lstdc++ -lm -lssp_nonshared -lgcc_s -lgcc -lc -lgcc_s -lgcc /usr/lib/gcc/x86_64-alpine-linux-musl/8.3.0/crtendS.o /usr/lib/gcc/x86_64-alpine-linux-musl/8.3.0/../../../../lib/crtn.o
COLLECT_GCC_OPTIONS='-v' '-rdynamic' '-o' 'cmTC_39aad' '-shared-libgcc' '-mtune=generic' '-march=x86-64'
make[1]: Leaving directory '/src/tools/idsk/CMakeFiles/CMakeTmp'


Parsed CXX implicit include dir info from above output: rv=done
  found start of include info
  found start of implicit include info
    add: [/usr/lib/gcc/x86_64-alpine-linux-musl/8.3.0/../../../../include/c++/8.3.0]
    add: [/usr/lib/gcc/x86_64-alpine-linux-musl/8.3.0/../../../../include/c++/8.3.0/x86_64-alpine-linux-musl]
    add: [/usr/lib/gcc/x86_64-alpine-linux-musl/8.3.0/../../../../include/c++/8.3.0/backward]
    add: [/usr/include/fortify]
    add: [/usr/include]
    add: [/usr/lib/gcc/x86_64-alpine-linux-musl/8.3.0/include]
  end of search list found
  collapse include dir [/usr/lib/gcc/x86_64-alpine-linux-musl/8.3.0/../../../../include/c++/8.3.0] ==> [/usr/include/c++/8.3.0]
  collapse include dir [/usr/lib/gcc/x86_64-alpine-linux-musl/8.3.0/../../../../include/c++/8.3.0/x86_64-alpine-linux-musl] ==> [/usr/include/c++/8.3.0/x86_64-alpine-linux-musl]
  collapse include dir [/usr/lib/gcc/x86_64-alpine-linux-musl/8.3.0/../../../../include/c++/8.3.0/backward] ==> [/usr/include/c++/8.3.0/backward]
  collapse include dir [/usr/include/fortify] ==> [/usr/include/fortify]
  collapse include dir [/usr/include] ==> [/usr/include]
  collapse include dir [/usr/lib/gcc/x86_64-alpine-linux-musl/8.3.0/include] ==> [/usr/lib/gcc/x86_64-alpine-linux-musl/8.3.0/include]
  implicit include dirs: [/usr/include/c++/8.3.0;/usr/include/c++/8.3.0/x86_64-alpine-linux-musl;/usr/include/c++/8.3.0/backward;/usr/include/fortify;/usr/include;/usr/lib/gcc/x86_64-alpine-linux-musl/8.3.0/include]


Parsed CXX implicit link information from above output:
  link line regex: [^( *|.*[/\])(ld|CMAKE_LINK_STARTFILE-NOTFOUND|([^/\]+-)?ld|collect2)[^/\]*( |$)]
  ignore line: [Change Dir: /src/tools/idsk/CMakeFiles/CMakeTmp]
  ignore line: []
  ignore line: [Run Build Command(s):/usr/bin/make cmTC_39aad/fast ]
  ignore line: [/usr/bin/make -f CMakeFiles/cmTC_39aad.dir/build.make CMakeFiles/cmTC_39aad.dir/build]
  ignore line: [make[1]: Entering directory '/src/tools/idsk/CMakeFiles/CMakeTmp']
  ignore line: [Building CXX object CMakeFiles/cmTC_39aad.dir/CMakeCXXCompilerABI.cpp.o]
  ignore line: [/usr/bin/c++    -v -o CMakeFiles/cmTC_39aad.dir/CMakeCXXCompilerABI.cpp.o -c /usr/share/cmake/Modules/CMakeCXXCompilerABI.cpp]
  ignore line: [Using built-in specs.]
  ignore line: [COLLECT_GCC=/usr/bin/c++]
  ignore line: [Target: x86_64-alpine-linux-musl]
  ignore line: [Configured with: /home/buildozer/aports/main/gcc/src/gcc-8.3.0/configure --prefix=/usr --mandir=/usr/share/man --infodir=/usr/share/info --build=x86_64-alpine-linux-musl --host=x86_64-alpine-linux-musl --target=x86_64-alpine-linux-musl --with-pkgversion='Alpine 8.3.0' --enable-checking=release --disable-fixed-point --disable-libstdcxx-pch --disable-multilib --disable-nls --disable-werror --disable-symvers --enable-__cxa_atexit --enable-default-pie --enable-default-ssp --enable-cloog-backend --enable-languages=c,c++,objc,fortran,ada --disable-libssp --disable-libmpx --disable-libmudflap --disable-libsanitizer --enable-shared --enable-threads --enable-tls --with-system-zlib --with-linker-hash-style=gnu]
  ignore line: [Thread model: posix]
  ignore line: [gcc version 8.3.0 (Alpine 8.3.0) ]
  ignore line: [COLLECT_GCC_OPTIONS='-v' '-o' 'CMakeFiles/cmTC_39aad.dir/CMakeCXXCompilerABI.cpp.o' '-c' '-shared-libgcc' '-mtune=generic' '-march=x86-64']
  ignore line: [ /usr/libexec/gcc/x86_64-alpine-linux-musl/8.3.0/cc1plus -quiet -v -D_GNU_SOURCE /usr/share/cmake/Modules/CMakeCXXCompilerABI.cpp -quiet -dumpbase CMakeCXXCompilerABI.cpp -mtune=generic -march=x86-64 -auxbase-strip CMakeFiles/cmTC_39aad.dir/CMakeCXXCompilerABI.cpp.o -version -o /tmp/ccjAHdjE.s]
  ignore line: [GNU C++14 (Alpine 8.3.0) version 8.3.0 (x86_64-alpine-linux-musl)]
  ignore line: [	compiled by GNU C version 8.3.0, GMP version 6.1.2, MPFR version 3.1.5, MPC version 1.0.3, isl version isl-0.18-GMP]
  ignore line: []
  ignore line: [warning: MPC header version 1.0.3 differs from library version 1.1.0.]
  ignore line: [GGC heuristics: --param ggc-min-expand=100 --param ggc-min-heapsize=131072]
  ignore line: [ignoring nonexistent directory "/usr/local/include"]
  ignore line: [ignoring nonexistent directory "/usr/lib/gcc/x86_64-alpine-linux-musl/8.3.0/../../../../x86_64-alpine-linux-musl/include"]
  ignore line: [#include "..." search starts here:]
  ignore line: [#include <...> search starts here:]
  ignore line: [ /usr/lib/gcc/x86_64-alpine-linux-musl/8.3.0/../../../../include/c++/8.3.0]
  ignore line: [ /usr/lib/gcc/x86_64-alpine-linux-musl/8.3.0/../../../../include/c++/8.3.0/x86_64-alpine-linux-musl]
  ignore line: [ /usr/lib/gcc/x86_64-alpine-linux-musl/8.3.0/../../../../include/c++/8.3.0/backward]
  ignore line: [ /usr/include/fortify]
  ignore line: [ /usr/include]
  ignore line: [ /usr/lib/gcc/x86_64-alpine-linux-musl/8.3.0/include]
  ignore line: [End of search list.]
  ignore line: [GNU C++14 (Alpine 8.3.0) version 8.3.0 (x86_64-alpine-linux-musl)]
  ignore line: [	compiled by GNU C version 8.3.0, GMP version 6.1.2, MPFR version 3.1.5, MPC version 1.0.3, isl version isl-0.18-GMP]
  ignore line: []
  ignore line: [warning: MPC header version 1.0.3 differs from library version 1.1.0.]
  ignore line: [GGC heuristics: --param ggc-min-expand=100 --param ggc-min-heapsize=131072]
  ignore line: [Compiler executable checksum: 38ca3bdf3ce34d29be8bf4097d1a42e5]
  ignore line: [COLLECT_GCC_OPTIONS='-v' '-o' 'CMakeFiles/cmTC_39aad.dir/CMakeCXXCompilerABI.cpp.o' '-c' '-shared-libgcc' '-mtune=generic' '-march=x86-64']
  ignore line: [ /usr/lib/gcc/x86_64-alpine-linux-musl/8.3.0/../../../../x86_64-alpine-linux-musl/bin/as -v --64 -o CMakeFiles/cmTC_39aad.dir/CMakeCXXCompilerABI.cpp.o /tmp/ccjAHdjE.s]
  ignore line: [GNU assembler version 2.32 (x86_64-alpine-linux-musl) using BFD version (GNU Binutils) 2.32]
  ignore line: [COMPILER_PATH=/usr/libexec/gcc/x86_64-alpine-linux-musl/8.3.0/:/usr/libexec/gcc/x86_64-alpine-linux-musl/8.3.0/:/usr/libexec/gcc/x86_64-alpine-linux-musl/:/usr/lib/gcc/x86_64-alpine-linux-musl/8.3.0/:/usr/lib/gcc/x86_64-alpine-linux-musl/:/usr/lib/gcc/x86_64-alpine-linux-musl/8.3.0/../../../../x86_64-alpine-linux-musl/bin/]
  ignore line: [LIBRARY_PATH=/usr/lib/gcc/x86_64-alpine-linux-musl/8.3.0/:/usr/lib/gcc/x86_64-alpine-linux-musl/8.3.0/../../../../x86_64-alpine-linux-musl/lib/../lib/:/usr/lib/gcc/x86_64-alpine-linux-musl/8.3.0/../../../../lib/:/lib/../lib/:/usr/lib/../lib/:/usr/lib/gcc/x86_64-alpine-linux-musl/8.3.0/../../../../x86_64-alpine-linux-musl/lib/:/usr/lib/gcc/x86_64-alpine-linux-musl/8.3.0/../../../:/lib/:/usr/lib/]
  ignore line: [COLLECT_GCC_OPTIONS='-v' '-o' 'CMakeFiles/cmTC_39aad.dir/CMakeCXXCompilerABI.cpp.o' '-c' '-shared-libgcc' '-mtune=generic' '-march=x86-64']
  ignore line: [Linking CXX executable cmTC_39aad]
  ignore line: [/usr/bin/cmake -E cmake_link_script CMakeFiles/cmTC_39aad.dir/link.txt --verbose=1]
  ignore line: [/usr/bin/c++      -v -rdynamic CMakeFiles/cmTC_39aad.dir/CMakeCXXCompilerABI.cpp.o  -o cmTC_39aad ]
  ignore line: [Using built-in specs.]
  ignore line: [COLLECT_GCC=/usr/bin/c++]
  ignore line: [COLLECT_LTO_WRAPPER=/usr/libexec/gcc/x86_64-alpine-linux-musl/8.3.0/lto-wrapper]
  ignore line: [Target: x86_64-alpine-linux-musl]
  ignore line: [Configured with: /home/buildozer/aports/main/gcc/src/gcc-8.3.0/configure --prefix=/usr --mandir=/usr/share/man --infodir=/usr/share/info --build=x86_64-alpine-linux-musl --host=x86_64-alpine-linux-musl --target=x86_64-alpine-linux-musl --with-pkgversion='Alpine 8.3.0' --enable-checking=release --disable-fixed-point --disable-libstdcxx-pch --disable-multilib --disable-nls --disable-werror --disable-symvers --enable-__cxa_atexit --enable-default-pie --enable-default-ssp --enable-cloog-backend --enable-languages=c,c++,objc,fortran,ada --disable-libssp --disable-libmpx --disable-libmudflap --disable-libsanitizer --enable-shared --enable-threads --enable-tls --with-system-zlib --with-linker-hash-style=gnu]
  ignore line: [Thread model: posix]
  ignore line: [gcc version 8.3.0 (Alpine 8.3.0) ]
  ignore line: [COMPILER_PATH=/usr/libexec/gcc/x86_64-alpine-linux-musl/8.3.0/:/usr/libexec/gcc/x86_64-alpine-linux-musl/8.3.0/:/usr/libexec/gcc/x86_64-alpine-linux-musl/:/usr/lib/gcc/x86_64-alpine-linux-musl/8.3.0/:/usr/lib/gcc/x86_64-alpine-linux-musl/:/usr/lib/gcc/x86_64-alpine-linux-musl/8.3.0/../../../../x86_64-alpine-linux-musl/bin/]
  ignore line: [LIBRARY_PATH=/usr/lib/gcc/x86_64-alpine-linux-musl/8.3.0/:/usr/lib/gcc/x86_64-alpine-linux-musl/8.3.0/../../../../x86_64-alpine-linux-musl/lib/../lib/:/usr/lib/gcc/x86_64-alpine-linux-musl/8.3.0/../../../../lib/:/lib/../lib/:/usr/lib/../lib/:/usr/lib/gcc/x86_64-alpine-linux-musl/8.3.0/../../../../x86_64-alpine-linux-musl/lib/:/usr/lib/gcc/x86_64-alpine-linux-musl/8.3.0/../../../:/lib/:/usr/lib/]
  ignore line: [COLLECT_GCC_OPTIONS='-v' '-rdynamic' '-o' 'cmTC_39aad' '-shared-libgcc' '-mtune=generic' '-march=x86-64']
  link line: [ /usr/libexec/gcc/x86_64-alpine-linux-musl/8.3.0/collect2 -plugin /usr/libexec/gcc/x86_64-alpine-linux-musl/8.3.0/liblto_plugin.so -plugin-opt=/usr/libexec/gcc/x86_64-alpine-linux-musl/8.3.0/lto-wrapper -plugin-opt=-fresolution=/tmp/ccMnLkJO.res -plugin-opt=-pass-through=-lgcc_s -plugin-opt=-pass-through=-lgcc -plugin-opt=-pass-through=-lc -plugin-opt=-pass-through=-lgcc_s -plugin-opt=-pass-through=-lgcc --eh-frame-hdr --hash-style=gnu -m elf_x86_64 --as-needed -export-dynamic -dynamic-linker /lib/ld-musl-x86_64.so.1 -pie -z relro -z now -o cmTC_39aad /usr/lib/gcc/x86_64-alpine-linux-musl/8.3.0/../../../../lib/Scrt1.o /usr/lib/gcc/x86_64-alpine-linux-musl/8.3.0/../../../../lib/crti.o /usr/lib/gcc/x86_64-alpine-linux-musl/8.3.0/crtbeginS.o -L/usr/lib/gcc/x86_64-alpine-linux-musl/8.3.0 -L/usr/lib/gcc/x86_64-alpine-linux-musl/8.3.0/../../../../x86_64-alpine-linux-musl/lib/../lib -L/usr/lib/gcc/x86_64-alpine-linux-musl/8.3.0/../../../../lib -L/lib/../lib -L/usr/lib/../lib -L/usr/lib/gcc/x86_64-alpine-linux-musl/8.3.0/../../../../x86_64-alpine-linux-musl/lib -L/usr/lib/gcc/x86_64-alpine-linux-musl/8.3.0/../../.. CMakeFiles/cmTC_39aad.dir/CMakeCXXCompilerABI.cpp.o -lstdc++ -lm -lssp_nonshared -lgcc_s -lgcc -lc -lgcc_s -lgcc /usr/lib/gcc/x86_64-alpine-linux-musl/8.3.0/crtendS.o /usr/lib/gcc/x86_64-alpine-linux-musl/8.3.0/../../../../lib/crtn.o]
    arg [/usr/libexec/gcc/x86_64-alpine-linux-musl/8.3.0/collect2] ==> ignore
    arg [-plugin] ==> ignore
    arg [/usr/libexec/gcc/x86_64-alpine-linux-musl/8.3.0/liblto_plugin.so] ==> ignore
    arg [-plugin-opt=/usr/libexec/gcc/x86_64-alpine-linux-musl/8.3.0/lto-wrapper] ==> ignore
    arg [-plugin-opt=-fresolution=/tmp/ccMnLkJO.res] ==> ignore
    arg [-plugin-opt=-pass-through=-lgcc_s] ==> ignore
    arg [-plugin-opt=-pass-through=-lgcc] ==> ignore
    arg [-plugin-opt=-pass-through=-lc] ==> ignore
    arg [-plugin-opt=-pass-through=-lgcc_s] ==> ignore
    arg [-plugin-opt=-pass-through=-lgcc] ==> ignore
    arg [--eh-frame-hdr] ==> ignore
    arg [--hash-style=gnu] ==> ignore
    arg [-m] ==> ignore
    arg [elf_x86_64] ==> ignore
    arg [--as-needed] ==> ignore
    arg [-export-dynamic] ==> ignore
    arg [-dynamic-linker] ==> ignore
    arg [/lib/ld-musl-x86_64.so.1] ==> ignore
    arg [-pie] ==> ignore
    arg [-zrelro] ==> ignore
    arg [-znow] ==> ignore
    arg [-o] ==> ignore
    arg [cmTC_39aad] ==> ignore
    arg [/usr/lib/gcc/x86_64-alpine-linux-musl/8.3.0/../../../../lib/Scrt1.o] ==> ignore
    arg [/usr/lib/gcc/x86_64-alpine-linux-musl/8.3.0/../../../../lib/crti.o] ==> ignore
    arg [/usr/lib/gcc/x86_64-alpine-linux-musl/8.3.0/crtbeginS.o] ==> ignore
    arg [-L/usr/lib/gcc/x86_64-alpine-linux-musl/8.3.0] ==> dir [/usr/lib/gcc/x86_64-alpine-linux-musl/8.3.0]
    arg [-L/usr/lib/gcc/x86_64-alpine-linux-musl/8.3.0/../../../../x86_64-alpine-linux-musl/lib/../lib] ==> dir [/usr/lib/gcc/x86_64-alpine-linux-musl/8.3.0/../../../../x86_64-alpine-linux-musl/lib/../lib]
    arg [-L/usr/lib/gcc/x86_64-alpine-linux-musl/8.3.0/../../../../lib] ==> dir [/usr/lib/gcc/x86_64-alpine-linux-musl/8.3.0/../../../../lib]
    arg [-L/lib/../lib] ==> dir [/lib/../lib]
    arg [-L/usr/lib/../lib] ==> dir [/usr/lib/../lib]
    arg [-L/usr/lib/gcc/x86_64-alpine-linux-musl/8.3.0/../../../../x86_64-alpine-linux-musl/lib] ==> dir [/usr/lib/gcc/x86_64-alpine-linux-musl/8.3.0/../../../../x86_64-alpine-linux-musl/lib]
    arg [-L/usr/lib/gcc/x86_64-alpine-linux-musl/8.3.0/../../..] ==> dir [/usr/lib/gcc/x86_64-alpine-linux-musl/8.3.0/../../..]
    arg [CMakeFiles/cmTC_39aad.dir/CMakeCXXCompilerABI.cpp.o] ==> ignore
    arg [-lstdc++] ==> lib [stdc++]
    arg [-lm] ==> lib [m]
    arg [-lssp_nonshared] ==> lib [ssp_nonshared]
    arg [-lgcc_s] ==> lib [gcc_s]
    arg [-lgcc] ==> lib [gcc]
    arg [-lc] ==> lib [c]
    arg [-lgcc_s] ==> lib [gcc_s]
    arg [-lgcc] ==> lib [gcc]
    arg [/usr/lib/gcc/x86_64-alpine-linux-musl/8.3.0/crtendS.o] ==> ignore
    arg [/usr/lib/gcc/x86_64-alpine-linux-musl/8.3.0/../../../../lib/crtn.o] ==> ignore
  collapse library dir [/usr/lib/gcc/x86_64-alpine-linux-musl/8.3.0] ==> [/usr/lib/gcc/x86_64-alpine-linux-musl/8.3.0]
  collapse library dir [/usr/lib/gcc/x86_64-alpine-linux-musl/8.3.0/../../../../x86_64-alpine-linux-musl/lib/../lib] ==> [/usr/x86_64-alpine-linux-musl/lib]
  collapse library dir [/usr/lib/gcc/x86_64-alpine-linux-musl/8.3.0/../../../../lib] ==> [/usr/lib]
  collapse library dir [/lib/../lib] ==> [/lib]
  collapse library dir [/usr/lib/../lib] ==> [/usr/lib]
  collapse library dir [/usr/lib/gcc/x86_64-alpine-linux-musl/8.3.0/../../../../x86_64-alpine-linux-musl/lib] ==> [/usr/x86_64-alpine-linux-musl/lib]
  collapse library dir [/usr/lib/gcc/x86_64-alpine-linux-musl/8.3.0/../../..] ==> [/usr/lib]
  implicit libs: [stdc++;m;ssp_nonshared;gcc_s;gcc;c;gcc_s;gcc]
  implicit dirs: [/usr/lib/gcc/x86_64-alpine-linux-musl/8.3.0;/usr/x86_64-alpine-linux-musl/lib;/usr/lib;/lib]
  implicit fwks: []




Detecting CXX [-std=c++2a] compiler features compiled with the following output:
Change Dir: /src/tools/idsk/CMakeFiles/CMakeTmp

Run Build Command(s):/usr/bin/make cmTC_82181/fast 
/usr/bin/make -f CMakeFiles/cmTC_82181.dir/build.make CMakeFiles/cmTC_82181.dir/build
make[1]: Entering directory '/src/tools/idsk/CMakeFiles/CMakeTmp'
Building CXX object CMakeFiles/cmTC_82181.dir/feature_tests.cxx.o
/usr/bin/c++    -std=c++2a -o CMakeFiles/cmTC_82181.dir/feature_tests.cxx.o -c /src/tools/idsk/CMakeFiles/feature_tests.cxx
Linking CXX executable cmTC_82181
/usr/bin/cmake -E cmake_link_script CMakeFiles/cmTC_82181.dir/link.txt --verbose=1
/usr/bin/c++       -rdynamic CMakeFiles/cmTC_82181.dir/feature_tests.cxx.o  -o cmTC_82181 
make[1]: Leaving directory '/src/tools/idsk/CMakeFiles/CMakeTmp'


    Feature record: CXX_FEATURE:1cxx_aggregate_default_initializers
    Feature record: CXX_FEATURE:1cxx_alias_templates
    Feature record: CXX_FEATURE:1cxx_alignas
    Feature record: CXX_FEATURE:1cxx_alignof
    Feature record: CXX_FEATURE:1cxx_attributes
    Feature record: CXX_FEATURE:1cxx_attribute_deprecated
    Feature record: CXX_FEATURE:1cxx_auto_type
    Feature record: CXX_FEATURE:1cxx_binary_literals
    Feature record: CXX_FEATURE:1cxx_constexpr
    Feature record: CXX_FEATURE:1cxx_contextual_conversions
    Feature record: CXX_FEATURE:1cxx_decltype
    Feature record: CXX_FEATURE:1cxx_decltype_auto
    Feature record: CXX_FEATURE:1cxx_decltype_incomplete_return_types
    Feature record: CXX_FEATURE:1cxx_default_function_template_args
    Feature record: CXX_FEATURE:1cxx_defaulted_functions
    Feature record: CXX_FEATURE:1cxx_defaulted_move_initializers
    Feature record: CXX_FEATURE:1cxx_delegating_constructors
    Feature record: CXX_FEATURE:1cxx_deleted_functions
    Feature record: CXX_FEATURE:1cxx_digit_separators
    Feature record: CXX_FEATURE:1cxx_enum_forward_declarations
    Feature record: CXX_FEATURE:1cxx_explicit_conversions
    Feature record: CXX_FEATURE:1cxx_extended_friend_declarations
    Feature record: CXX_FEATURE:1cxx_extern_templates
    Feature record: CXX_FEATURE:1cxx_final
    Feature record: CXX_FEATURE:1cxx_func_identifier
    Feature record: CXX_FEATURE:1cxx_generalized_initializers
    Feature record: CXX_FEATURE:1cxx_generic_lambdas
    Feature record: CXX_FEATURE:1cxx_inheriting_constructors
    Feature record: CXX_FEATURE:1cxx_inline_namespaces
    Feature record: CXX_FEATURE:1cxx_lambdas
    Feature record: CXX_FEATURE:1cxx_lambda_init_captures
    Feature record: CXX_FEATURE:1cxx_local_type_template_args
    Feature record: CXX_FEATURE:1cxx_long_long_type
    Feature record: CXX_FEATURE:1cxx_noexcept
    Feature record: CXX_FEATURE:1cxx_nonstatic_member_init
    Feature record: CXX_FEATURE:1cxx_nullptr
    Feature record: CXX_FEATURE:1cxx_override
    Feature record: CXX_FEATURE:1cxx_range_for
    Feature record: CXX_FEATURE:1cxx_raw_string_literals
    Feature record: CXX_FEATURE:1cxx_reference_qualified_functions
    Feature record: CXX_FEATURE:1cxx_relaxed_constexpr
    Feature record: CXX_FEATURE:1cxx_return_type_deduction
    Feature record: CXX_FEATURE:1cxx_right_angle_brackets
    Feature record: CXX_FEATURE:1cxx_rvalue_references
    Feature record: CXX_FEATURE:1cxx_sizeof_member
    Feature record: CXX_FEATURE:1cxx_static_assert
    Feature record: CXX_FEATURE:1cxx_strong_enums
    Feature record: CXX_FEATURE:1cxx_template_template_parameters
    Feature record: CXX_FEATURE:1cxx_thread_local
    Feature record: CXX_FEATURE:1cxx_trailing_return_types
    Feature record: CXX_FEATURE:1cxx_unicode_literals
    Feature record: CXX_FEATURE:1cxx_uniform_initialization
    Feature record: CXX_FEATURE:1cxx_unrestricted_unions
    Feature record: CXX_FEATURE:1cxx_user_literals
    Feature record: CXX_FEATURE:1cxx_variable_templates
    Feature record: CXX_FEATURE:1cxx_variadic_macros
    Feature record: CXX_FEATURE:1cxx_variadic_templates


Detecting CXX [-std=c++17] compiler features compiled with the following output:
Change Dir: /src/tools/idsk/CMakeFiles/CMakeTmp

Run Build Command(s):/usr/bin/make cmTC_b607b/fast 
/usr/bin/make -f CMakeFiles/cmTC_b607b.dir/build.make CMakeFiles/cmTC_b607b.dir/build
make[1]: Entering directory '/src/tools/idsk/CMakeFiles/CMakeTmp'
Building CXX object CMakeFiles/cmTC_b607b.dir/feature_tests.cxx.o
/usr/bin/c++    -std=c++17 -o CMakeFiles/cmTC_b607b.dir/feature_tests.cxx.o -c /src/tools/idsk/CMakeFiles/feature_tests.cxx
Linking CXX executable cmTC_b607b
/usr/bin/cmake -E cmake_link_script CMakeFiles/cmTC_b607b.dir/link.txt --verbose=1
/usr/bin/c++       -rdynamic CMakeFiles/cmTC_b607b.dir/feature_tests.cxx.o  -o cmTC_b607b 
make[1]: Leaving directory '/src/tools/idsk/CMakeFiles/CMakeTmp'


    Feature record: CXX_FEATURE:1cxx_aggregate_default_initializers
    Feature record: CXX_FEATURE:1cxx_alias_templates
    Feature record: CXX_FEATURE:1cxx_alignas
    Feature record: CXX_FEATURE:1cxx_alignof
    Feature record: CXX_FEATURE:1cxx_attributes
    Feature record: CXX_FEATURE:1cxx_attribute_deprecated
    Feature record: CXX_FEATURE:1cxx_auto_type
    Feature record: CXX_FEATURE:1cxx_binary_literals
    Feature record: CXX_FEATURE:1cxx_constexpr
    Feature record: CXX_FEATURE:1cxx_contextual_conversions
    Feature record: CXX_FEATURE:1cxx_decltype
    Feature record: CXX_FEATURE:1cxx_decltype_auto
    Feature record: CXX_FEATURE:1cxx_decltype_incomplete_return_types
    Feature record: CXX_FEATURE:1cxx_default_function_template_args
    Feature record: CXX_FEATURE:1cxx_defaulted_functions
    Feature record: CXX_FEATURE:1cxx_defaulted_move_initializers
    Feature record: CXX_FEATURE:1cxx_delegating_constructors
    Feature record: CXX_FEATURE:1cxx_deleted_functions
    Feature record: CXX_FEATURE:1cxx_digit_separators
    Feature record: CXX_FEATURE:1cxx_enum_forward_declarations
    Feature record: CXX_FEATURE:1cxx_explicit_conversions
    Feature record: CXX_FEATURE:1cxx_extended_friend_declarations
    Feature record: CXX_FEATURE:1cxx_extern_templates
    Feature record: CXX_FEATURE:1cxx_final
    Feature record: CXX_FEATURE:1cxx_func_identifier
    Feature record: CXX_FEATURE:1cxx_generalized_initializers
    Feature record: CXX_FEATURE:1cxx_generic_lambdas
    Feature record: CXX_FEATURE:1cxx_inheriting_constructors
    Feature record: CXX_FEATURE:1cxx_inline_namespaces
    Feature record: CXX_FEATURE:1cxx_lambdas
    Feature record: CXX_FEATURE:1cxx_lambda_init_captures
    Feature record: CXX_FEATURE:1cxx_local_type_template_args
    Feature record: CXX_FEATURE:1cxx_long_long_type
    Feature record: CXX_FEATURE:1cxx_noexcept
    Feature record: CXX_FEATURE:1cxx_nonstatic_member_init
    Feature record: CXX_FEATURE:1cxx_nullptr
    Feature record: CXX_FEATURE:1cxx_override
    Feature record: CXX_FEATURE:1cxx_range_for
    Feature record: CXX_FEATURE:1cxx_raw_string_literals
    Feature record: CXX_FEATURE:1cxx_reference_qualified_functions
    Feature record: CXX_FEATURE:1cxx_relaxed_constexpr
    Feature record: CXX_FEATURE:1cxx_return_type_deduction
    Feature record: CXX_FEATURE:1cxx_right_angle_brackets
    Feature record: CXX_FEATURE:1cxx_rvalue_references
    Feature record: CXX_FEATURE:1cxx_sizeof_member
    Feature record: CXX_FEATURE:1cxx_static_assert
    Feature record: CXX_FEATURE:1cxx_strong_enums
    Feature record: CXX_FEATURE:1cxx_template_template_parameters
    Feature record: CXX_FEATURE:1cxx_thread_local
    Feature record: CXX_FEATURE:1cxx_trailing_return_types
    Feature record: CXX_FEATURE:1cxx_unicode_literals
    Feature record: CXX_FEATURE:1cxx_uniform_initialization
    Feature record: CXX_FEATURE:1cxx_unrestricted_unions
    Feature record: CXX_FEATURE:1cxx_user_literals
    Feature record: CXX_FEATURE:1cxx_variable_templates
    Feature record: CXX_FEATURE:1cxx_variadic_macros
    Feature record: CXX_FEATURE:1cxx_variadic_templates


Detecting CXX [-std=c++14] compiler features compiled with the following output:
Change Dir: /src/tools/idsk/CMakeFiles/CMakeTmp

Run Build Command(s):/usr/bin/make cmTC_54ffa/fast 
/usr/bin/make -f CMakeFiles/cmTC_54ffa.dir/build.make CMakeFiles/cmTC_54ffa.dir/build
make[1]: Entering directory '/src/tools/idsk/CMakeFiles/CMakeTmp'
Building CXX object CMakeFiles/cmTC_54ffa.dir/feature_tests.cxx.o
/usr/bin/c++    -std=c++14 -o CMakeFiles/cmTC_54ffa.dir/feature_tests.cxx.o -c /src/tools/idsk/CMakeFiles/feature_tests.cxx
Linking CXX executable cmTC_54ffa
/usr/bin/cmake -E cmake_link_script CMakeFiles/cmTC_54ffa.dir/link.txt --verbose=1
/usr/bin/c++       -rdynamic CMakeFiles/cmTC_54ffa.dir/feature_tests.cxx.o  -o cmTC_54ffa 
make[1]: Leaving directory '/src/tools/idsk/CMakeFiles/CMakeTmp'


    Feature record: CXX_FEATURE:1cxx_aggregate_default_initializers
    Feature record: CXX_FEATURE:1cxx_alias_templates
    Feature record: CXX_FEATURE:1cxx_alignas
    Feature record: CXX_FEATURE:1cxx_alignof
    Feature record: CXX_FEATURE:1cxx_attributes
    Feature record: CXX_FEATURE:1cxx_attribute_deprecated
    Feature record: CXX_FEATURE:1cxx_auto_type
    Feature record: CXX_FEATURE:1cxx_binary_literals
    Feature record: CXX_FEATURE:1cxx_constexpr
    Feature record: CXX_FEATURE:1cxx_contextual_conversions
    Feature record: CXX_FEATURE:1cxx_decltype
    Feature record: CXX_FEATURE:1cxx_decltype_auto
    Feature record: CXX_FEATURE:1cxx_decltype_incomplete_return_types
    Feature record: CXX_FEATURE:1cxx_default_function_template_args
    Feature record: CXX_FEATURE:1cxx_defaulted_functions
    Feature record: CXX_FEATURE:1cxx_defaulted_move_initializers
    Feature record: CXX_FEATURE:1cxx_delegating_constructors
    Feature record: CXX_FEATURE:1cxx_deleted_functions
    Feature record: CXX_FEATURE:1cxx_digit_separators
    Feature record: CXX_FEATURE:1cxx_enum_forward_declarations
    Feature record: CXX_FEATURE:1cxx_explicit_conversions
    Feature record: CXX_FEATURE:1cxx_extended_friend_declarations
    Feature record: CXX_FEATURE:1cxx_extern_templates
    Feature record: CXX_FEATURE:1cxx_final
    Feature record: CXX_FEATURE:1cxx_func_identifier
    Feature record: CXX_FEATURE:1cxx_generalized_initializers
    Feature record: CXX_FEATURE:1cxx_generic_lambdas
    Feature record: CXX_FEATURE:1cxx_inheriting_constructors
    Feature record: CXX_FEATURE:1cxx_inline_namespaces
    Feature record: CXX_FEATURE:1cxx_lambdas
    Feature record: CXX_FEATURE:1cxx_lambda_init_captures
    Feature record: CXX_FEATURE:1cxx_local_type_template_args
    Feature record: CXX_FEATURE:1cxx_long_long_type
    Feature record: CXX_FEATURE:1cxx_noexcept
    Feature record: CXX_FEATURE:1cxx_nonstatic_member_init
    Feature record: CXX_FEATURE:1cxx_nullptr
    Feature record: CXX_FEATURE:1cxx_override
    Feature record: CXX_FEATURE:1cxx_range_for
    Feature record: CXX_FEATURE:1cxx_raw_string_literals
    Feature record: CXX_FEATURE:1cxx_reference_qualified_functions
    Feature record: CXX_FEATURE:1cxx_relaxed_constexpr
    Feature record: CXX_FEATURE:1cxx_return_type_deduction
    Feature record: CXX_FEATURE:1cxx_right_angle_brackets
    Feature record: CXX_FEATURE:1cxx_rvalue_references
    Feature record: CXX_FEATURE:1cxx_sizeof_member
    Feature record: CXX_FEATURE:1cxx_static_assert
    Feature record: CXX_FEATURE:1cxx_strong_enums
    Feature record: CXX_FEATURE:1cxx_template_template_parameters
    Feature record: CXX_FEATURE:1cxx_thread_local
    Feature record: CXX_FEATURE:1cxx_trailing_return_types
    Feature record: CXX_FEATURE:1cxx_unicode_literals
    Feature record: CXX_FEATURE:1cxx_uniform_initialization
    Feature record: CXX_FEATURE:1cxx_unrestricted_unions
    Feature record: CXX_FEATURE:1cxx_user_literals
    Feature record: CXX_FEATURE:1cxx_variable_templates
    Feature record: CXX_FEATURE:1cxx_variadic_macros
    Feature record: CXX_FEATURE:1cxx_variadic_templates


Detecting CXX [-std=c++11] compiler features compiled with the following output:
Change Dir: /src/tools/idsk/CMakeFiles/CMakeTmp

Run Build Command(s):/usr/bin/make cmTC_518c7/fast 
/usr/bin/make -f CMakeFiles/cmTC_518c7.dir/build.make CMakeFiles/cmTC_518c7.dir/build
make[1]: Entering directory '/src/tools/idsk/CMakeFiles/CMakeTmp'
Building CXX object CMakeFiles/cmTC_518c7.dir/feature_tests.cxx.o
/usr/bin/c++    -std=c++11 -o CMakeFiles/cmTC_518c7.dir/feature_tests.cxx.o -c /src/tools/idsk/CMakeFiles/feature_tests.cxx
Linking CXX executable cmTC_518c7
/usr/bin/cmake -E cmake_link_script CMakeFiles/cmTC_518c7.dir/link.txt --verbose=1
/usr/bin/c++       -rdynamic CMakeFiles/cmTC_518c7.dir/feature_tests.cxx.o  -o cmTC_518c7 
make[1]: Leaving directory '/src/tools/idsk/CMakeFiles/CMakeTmp'


    Feature record: CXX_FEATURE:0cxx_aggregate_default_initializers
    Feature record: CXX_FEATURE:1cxx_alias_templates
    Feature record: CXX_FEATURE:1cxx_alignas
    Feature record: CXX_FEATURE:1cxx_alignof
    Feature record: CXX_FEATURE:1cxx_attributes
    Feature record: CXX_FEATURE:0cxx_attribute_deprecated
    Feature record: CXX_FEATURE:1cxx_auto_type
    Feature record: CXX_FEATURE:0cxx_binary_literals
    Feature record: CXX_FEATURE:1cxx_constexpr
    Feature record: CXX_FEATURE:0cxx_contextual_conversions
    Feature record: CXX_FEATURE:1cxx_decltype
    Feature record: CXX_FEATURE:0cxx_decltype_auto
    Feature record: CXX_FEATURE:1cxx_decltype_incomplete_return_types
    Feature record: CXX_FEATURE:1cxx_default_function_template_args
    Feature record: CXX_FEATURE:1cxx_defaulted_functions
    Feature record: CXX_FEATURE:1cxx_defaulted_move_initializers
    Feature record: CXX_FEATURE:1cxx_delegating_constructors
    Feature record: CXX_FEATURE:1cxx_deleted_functions
    Feature record: CXX_FEATURE:0cxx_digit_separators
    Feature record: CXX_FEATURE:1cxx_enum_forward_declarations
    Feature record: CXX_FEATURE:1cxx_explicit_conversions
    Feature record: CXX_FEATURE:1cxx_extended_friend_declarations
    Feature record: CXX_FEATURE:1cxx_extern_templates
    Feature record: CXX_FEATURE:1cxx_final
    Feature record: CXX_FEATURE:1cxx_func_identifier
    Feature record: CXX_FEATURE:1cxx_generalized_initializers
    Feature record: CXX_FEATURE:0cxx_generic_lambdas
    Feature record: CXX_FEATURE:1cxx_inheriting_constructors
    Feature record: CXX_FEATURE:1cxx_inline_namespaces
    Feature record: CXX_FEATURE:1cxx_lambdas
    Feature record: CXX_FEATURE:0cxx_lambda_init_captures
    Feature record: CXX_FEATURE:1cxx_local_type_template_args
    Feature record: CXX_FEATURE:1cxx_long_long_type
    Feature record: CXX_FEATURE:1cxx_noexcept
    Feature record: CXX_FEATURE:1cxx_nonstatic_member_init
    Feature record: CXX_FEATURE:1cxx_nullptr
    Feature record: CXX_FEATURE:1cxx_override
    Feature record: CXX_FEATURE:1cxx_range_for
    Feature record: CXX_FEATURE:1cxx_raw_string_literals
    Feature record: CXX_FEATURE:1cxx_reference_qualified_functions
    Feature record: CXX_FEATURE:0cxx_relaxed_constexpr
    Feature record: CXX_FEATURE:0cxx_return_type_deduction
    Feature record: CXX_FEATURE:1cxx_right_angle_brackets
    Feature record: CXX_FEATURE:1cxx_rvalue_references
    Feature record: CXX_FEATURE:1cxx_sizeof_member
    Feature record: CXX_FEATURE:1cxx_static_assert
    Feature record: CXX_FEATURE:1cxx_strong_enums
    Feature record: CXX_FEATURE:1cxx_template_template_parameters
    Feature record: CXX_FEATURE:1cxx_thread_local
    Feature record: CXX_FEATURE:1cxx_trailing_return_types
    Feature record: CXX_FEATURE:1cxx_unicode_literals
    Feature record: CXX_FEATURE:1cxx_uniform_initialization
    Feature record: CXX_FEATURE:1cxx_unrestricted_unions
    Feature record: CXX_FEATURE:1cxx_user_literals
    Feature record: CXX_FEATURE:0cxx_variable_templates
    Feature record: CXX_FEATURE:1cxx_variadic_macros
    Feature record: CXX_FEATURE:1cxx_variadic_templates


Detecting CXX [-std=c++98] compiler features compiled with the following output:
Change Dir: /src/tools/idsk/CMakeFiles/CMakeTmp

Run Build Command(s):/usr/bin/make cmTC_f111e/fast 
/usr/bin/make -f CMakeFiles/cmTC_f111e.dir/build.make CMakeFiles/cmTC_f111e.dir/build
make[1]: Entering directory '/src/tools/idsk/CMakeFiles/CMakeTmp'
Building CXX object CMakeFiles/cmTC_f111e.dir/feature_tests.cxx.o
/usr/bin/c++    -std=c++98 -o CMakeFiles/cmTC_f111e.dir/feature_tests.cxx.o -c /src/tools/idsk/CMakeFiles/feature_tests.cxx
Linking CXX executable cmTC_f111e
/usr/bin/cmake -E cmake_link_script CMakeFiles/cmTC_f111e.dir/link.txt --verbose=1
/usr/bin/c++       -rdynamic CMakeFiles/cmTC_f111e.dir/feature_tests.cxx.o  -o cmTC_f111e 
make[1]: Leaving directory '/src/tools/idsk/CMakeFiles/CMakeTmp'


    Feature record: CXX_FEATURE:0cxx_aggregate_default_initializers
    Feature record: CXX_FEATURE:0cxx_alias_templates
    Feature record: CXX_FEATURE:0cxx_alignas
    Feature record: CXX_FEATURE:0cxx_alignof
    Feature record: CXX_FEATURE:0cxx_attributes
    Feature record: CXX_FEATURE:0cxx_attribute_deprecated
    Feature record: CXX_FEATURE:0cxx_auto_type
    Feature record: CXX_FEATURE:0cxx_binary_literals
    Feature record: CXX_FEATURE:0cxx_constexpr
    Feature record: CXX_FEATURE:0cxx_contextual_conversions
    Feature record: CXX_FEATURE:0cxx_decltype
    Feature record: CXX_FEATURE:0cxx_decltype_auto
    Feature record: CXX_FEATURE:0cxx_decltype_incomplete_return_types
    Feature record: CXX_FEATURE:0cxx_default_function_template_args
    Feature record: CXX_FEATURE:0cxx_defaulted_functions
    Feature record: CXX_FEATURE:0cxx_defaulted_move_initializers
    Feature record: CXX_FEATURE:0cxx_delegating_constructors
    Feature record: CXX_FEATURE:0cxx_deleted_functions
    Feature record: CXX_FEATURE:0cxx_digit_separators
    Feature record: CXX_FEATURE:0cxx_enum_forward_declarations
    Feature record: CXX_FEATURE:0cxx_explicit_conversions
    Feature record: CXX_FEATURE:0cxx_extended_friend_declarations
    Feature record: CXX_FEATURE:0cxx_extern_templates
    Feature record: CXX_FEATURE:0cxx_final
    Feature record: CXX_FEATURE:0cxx_func_identifier
    Feature record: CXX_FEATURE:0cxx_generalized_initializers
    Feature record: CXX_FEATURE:0cxx_generic_lambdas
    Feature record: CXX_FEATURE:0cxx_inheriting_constructors
    Feature record: CXX_FEATURE:0cxx_inline_namespaces
    Feature record: CXX_FEATURE:0cxx_lambdas
    Feature record: CXX_FEATURE:0cxx_lambda_init_captures
    Feature record: CXX_FEATURE:0cxx_local_type_template_args
    Feature record: CXX_FEATURE:0cxx_long_long_type
    Feature record: CXX_FEATURE:0cxx_noexcept
    Feature record: CXX_FEATURE:0cxx_nonstatic_member_init
    Feature record: CXX_FEATURE:0cxx_nullptr
    Feature record: CXX_FEATURE:0cxx_override
    Feature record: CXX_FEATURE:0cxx_range_for
    Feature record: CXX_FEATURE:0cxx_raw_string_literals
    Feature record: CXX_FEATURE:0cxx_reference_qualified_functions
    Feature record: CXX_FEATURE:0cxx_relaxed_constexpr
    Feature record: CXX_FEATURE:0cxx_return_type_deduction
    Feature record: CXX_FEATURE:0cxx_right_angle_brackets
    Feature record: CXX_FEATURE:0cxx_rvalue_references
    Feature record: CXX_FEATURE:0cxx_sizeof_member
    Feature record: CXX_FEATURE:0cxx_static_assert
    Feature record: CXX_FEATURE:0cxx_strong_enums
    Feature record: CXX_FEATURE:1cxx_template_template_parameters
    Feature record: CXX_FEATURE:0cxx_thread_local
    Feature record: CXX_FEATURE:0cxx_trailing_return_types
    Feature record: CXX_FEATURE:0cxx_unicode_literals
    Feature record: CXX_FEATURE:0cxx_uniform_initialization
    Feature record: CXX_FEATURE:0cxx_unrestricted_unions
    Feature record: CXX_FEATURE:0cxx_user_literals
    Feature record: CXX_FEATURE:0cxx_variable_templates
    Feature record: CXX_FEATURE:0cxx_variadic_macros
    Feature record: CXX_FEATURE:0cxx_variadic_templates
